TN:
SF:src\server.ts
FN:26,(anonymous_8)
FN:27,(anonymous_9)
FN:27,(anonymous_10)
FN:56,(anonymous_11)
FN:56,(anonymous_12)
FN:70,(anonymous_13)
FNF:6
FNH:0
FNDA:0,(anonymous_8)
FNDA:0,(anonymous_9)
FNDA:0,(anonymous_10)
FNDA:0,(anonymous_11)
FNDA:0,(anonymous_12)
FNDA:0,(anonymous_13)
DA:1,0
DA:2,0
DA:3,0
DA:4,0
DA:5,0
DA:6,0
DA:7,0
DA:8,0
DA:9,0
DA:12,0
DA:15,0
DA:16,0
DA:17,0
DA:18,0
DA:21,0
DA:22,0
DA:26,0
DA:27,0
DA:28,0
DA:29,0
DA:31,0
DA:32,0
DA:33,0
DA:36,0
DA:46,0
DA:47,0
DA:49,0
DA:50,0
DA:56,0
DA:57,0
DA:58,0
DA:59,0
DA:61,0
DA:66,0
DA:70,0
DA:71,0
LF:36
LH:0
BRDA:29,0,0,0
BRDA:29,0,1,0
BRDA:29,1,0,0
BRDA:29,1,1,0
BRDA:31,2,0,0
BRDA:49,3,0,0
BRDA:49,3,1,0
BRDA:49,4,0,0
BRDA:49,4,1,0
BRDA:49,5,0,0
BRDA:49,5,1,0
BRF:11
BRH:0
end_of_record
TN:
SF:src\config\dbConfig.ts
FNF:0
FNH:0
DA:1,3
DA:3,3
DA:12,3
LF:3
LH:3
BRF:0
BRH:0
end_of_record
TN:
SF:src\controllers\profileController.ts
FN:8,(anonymous_8)
FN:8,(anonymous_9)
FN:25,(anonymous_10)
FN:25,(anonymous_11)
FN:48,(anonymous_12)
FN:48,(anonymous_13)
FN:66,(anonymous_14)
FN:67,(anonymous_15)
FN:75,(anonymous_16)
FN:106,(anonymous_17)
FN:106,(anonymous_18)
FN:117,(anonymous_19)
FN:118,(anonymous_20)
FN:125,(anonymous_21)
FN:151,(anonymous_22)
FN:158,(anonymous_23)
FN:158,(anonymous_24)
FN:188,(anonymous_25)
FN:188,(anonymous_26)
FNF:19
FNH:19
FNDA:3,(anonymous_8)
FNDA:3,(anonymous_9)
FNDA:3,(anonymous_10)
FNDA:3,(anonymous_11)
FNDA:4,(anonymous_12)
FNDA:4,(anonymous_13)
FNDA:1,(anonymous_14)
FNDA:1,(anonymous_15)
FNDA:1,(anonymous_16)
FNDA:3,(anonymous_17)
FNDA:3,(anonymous_18)
FNDA:1,(anonymous_19)
FNDA:1,(anonymous_20)
FNDA:1,(anonymous_21)
FNDA:2,(anonymous_22)
FNDA:4,(anonymous_23)
FNDA:4,(anonymous_24)
FNDA:4,(anonymous_25)
FNDA:4,(anonymous_26)
DA:2,1
DA:3,1
DA:4,1
DA:5,1
DA:8,3
DA:9,3
DA:10,3
DA:11,3
DA:12,1
DA:13,1
DA:16,2
DA:17,1
DA:19,1
DA:25,3
DA:26,3
DA:27,3
DA:28,3
DA:29,1
DA:30,1
DA:33,2
DA:34,1
DA:36,1
DA:48,4
DA:49,4
DA:50,4
DA:51,4
DA:52,1
DA:53,1
DA:56,3
DA:57,1
DA:58,1
DA:61,2
DA:62,1
DA:64,1
DA:66,1
DA:67,1
DA:68,1
DA:76,1
DA:77,1
DA:80,1
DA:82,0
DA:83,0
DA:87,1
DA:88,0
DA:89,0
DA:91,1
DA:94,1
DA:95,1
DA:98,1
DA:99,1
DA:101,1
DA:106,3
DA:107,3
DA:108,3
DA:109,3
DA:110,1
DA:111,1
DA:113,2
DA:114,1
DA:115,1
DA:117,1
DA:118,1
DA:119,1
DA:126,1
DA:127,0
DA:130,1
DA:131,0
DA:132,0
DA:134,1
DA:139,1
DA:140,1
DA:142,1
DA:144,1
DA:146,1
DA:151,1
DA:152,2
DA:153,2
DA:158,4
DA:159,4
DA:161,4
DA:162,4
DA:163,1
DA:164,1
DA:166,3
DA:168,2
DA:169,1
DA:170,1
DA:173,1
DA:175,1
DA:176,0
DA:180,1
DA:181,1
DA:183,1
DA:188,4
DA:189,4
DA:190,4
DA:191,4
DA:192,1
DA:193,1
DA:195,3
DA:197,2
DA:198,1
DA:199,1
DA:202,1
DA:203,1
DA:204,0
DA:207,1
DA:208,1
DA:210,1
LF:109
LH:100
BRDA:11,0,0,1
BRDA:28,1,0,1
BRDA:51,2,0,1
BRDA:56,3,0,1
BRDA:64,4,0,0
BRDA:64,4,1,1
BRDA:64,5,0,0
BRDA:64,5,1,0
BRDA:64,6,0,0
BRDA:64,6,1,0
BRDA:71,7,0,0
BRDA:71,7,1,1
BRDA:76,8,0,1
BRDA:76,8,1,0
BRDA:77,9,0,1
BRDA:77,9,1,0
BRDA:87,10,0,0
BRDA:109,11,0,1
BRDA:115,12,0,0
BRDA:115,12,1,1
BRDA:115,13,0,0
BRDA:115,13,1,0
BRDA:115,14,0,0
BRDA:115,14,1,0
BRDA:122,15,0,1
BRDA:122,15,1,1
BRDA:126,16,0,1
BRDA:126,16,1,0
BRDA:130,17,0,0
BRDA:153,18,0,0
BRDA:153,18,1,2
BRDA:162,19,0,1
BRDA:168,20,0,1
BRDA:175,21,0,0
BRDA:191,22,0,1
BRDA:197,23,0,1
BRDA:203,24,0,0
BRF:37
BRH:18
end_of_record
TN:
SF:src\controllers\userController.ts
FN:13,(anonymous_8)
FN:13,(anonymous_9)
FN:37,(anonymous_10)
FN:37,(anonymous_11)
FN:59,(anonymous_12)
FN:59,(anonymous_13)
FN:101,(anonymous_14)
FN:101,(anonymous_15)
FN:145,(anonymous_16)
FN:145,(anonymous_17)
FN:176,(anonymous_18)
FN:177,(anonymous_19)
FN:197,(anonymous_20)
FN:197,(anonymous_21)
FN:217,(anonymous_22)
FN:217,(anonymous_23)
FN:251,(anonymous_24)
FN:251,(anonymous_25)
FN:274,getUsersCountByRole
FN:304,(anonymous_28)
FN:320,getUsersCountByRoleHandler
FN:332,(anonymous_31)
FN:332,(anonymous_32)
FN:345,(anonymous_33)
FN:345,(anonymous_34)
FN:377,(anonymous_35)
FN:377,(anonymous_36)
FN:401,(anonymous_37)
FN:418,(anonymous_38)
FN:418,(anonymous_39)
FN:435,(anonymous_40)
FN:435,(anonymous_41)
FNF:32
FNH:16
FNDA:3,(anonymous_8)
FNDA:3,(anonymous_9)
FNDA:3,(anonymous_10)
FNDA:3,(anonymous_11)
FNDA:3,(anonymous_12)
FNDA:3,(anonymous_13)
FNDA:4,(anonymous_14)
FNDA:4,(anonymous_15)
FNDA:3,(anonymous_16)
FNDA:3,(anonymous_17)
FNDA:1,(anonymous_18)
FNDA:1,(anonymous_19)
FNDA:0,(anonymous_20)
FNDA:0,(anonymous_21)
FNDA:0,(anonymous_22)
FNDA:0,(anonymous_23)
FNDA:2,(anonymous_24)
FNDA:2,(anonymous_25)
FNDA:0,getUsersCountByRole
FNDA:0,(anonymous_28)
FNDA:0,getUsersCountByRoleHandler
FNDA:2,(anonymous_31)
FNDA:2,(anonymous_32)
FNDA:0,(anonymous_33)
FNDA:0,(anonymous_34)
FNDA:0,(anonymous_35)
FNDA:0,(anonymous_36)
FNDA:0,(anonymous_37)
FNDA:0,(anonymous_38)
FNDA:0,(anonymous_39)
FNDA:0,(anonymous_40)
FNDA:0,(anonymous_41)
DA:2,1
DA:3,1
DA:4,1
DA:5,1
DA:6,1
DA:7,1
DA:8,1
DA:11,1
DA:13,3
DA:14,3
DA:15,3
DA:16,3
DA:18,3
DA:20,2
DA:21,1
DA:22,1
DA:25,1
DA:27,1
DA:29,1
DA:31,1
DA:32,1
DA:37,3
DA:38,3
DA:39,3
DA:40,3
DA:42,3
DA:44,2
DA:45,1
DA:46,1
DA:48,1
DA:50,1
DA:52,1
DA:54,1
DA:55,1
DA:59,3
DA:60,3
DA:61,3
DA:62,3
DA:63,1
DA:64,1
DA:66,2
DA:74,2
DA:80,1
DA:83,1
DA:90,1
DA:92,1
DA:93,0
DA:95,1
DA:101,4
DA:102,4
DA:103,4
DA:104,4
DA:105,1
DA:106,1
DA:109,3
DA:116,3
DA:122,1
DA:129,1
DA:131,2
DA:132,1
DA:133,1
DA:134,1
DA:136,0
DA:139,1
DA:145,3
DA:146,3
DA:147,3
DA:148,2
DA:149,2
DA:150,1
DA:151,1
DA:153,1
DA:160,1
DA:162,1
DA:164,1
DA:165,2
DA:166,2
DA:168,2
DA:169,1
DA:176,1
DA:177,1
DA:178,1
DA:179,1
DA:180,1
DA:184,1
DA:185,1
DA:189,1
DA:191,1
DA:192,1
DA:197,1
DA:198,0
DA:199,0
DA:200,0
DA:202,0
DA:203,0
DA:204,0
DA:207,0
DA:209,0
DA:211,0
DA:212,0
DA:217,1
DA:218,0
DA:220,0
DA:221,0
DA:222,0
DA:223,0
DA:224,0
DA:227,0
DA:228,0
DA:242,0
DA:244,0
DA:245,0
DA:251,2
DA:252,2
DA:253,2
DA:254,2
DA:256,2
DA:263,1
DA:266,1
DA:268,1
DA:269,1
DA:274,1
DA:275,0
DA:276,0
DA:277,0
DA:279,0
DA:286,0
DA:288,0
DA:289,0
DA:291,0
DA:292,0
DA:293,0
DA:295,0
DA:296,0
DA:297,0
DA:304,0
DA:305,0
DA:306,0
DA:309,0
DA:314,0
DA:317,0
DA:320,1
DA:321,0
DA:322,0
DA:324,0
DA:326,0
DA:328,0
DA:332,2
DA:334,2
DA:335,2
DA:336,1
DA:337,1
DA:340,1
DA:345,1
DA:346,0
DA:347,0
DA:349,0
DA:350,0
DA:351,0
DA:354,0
DA:356,0
DA:365,0
DA:369,0
DA:371,0
DA:372,0
DA:377,1
DA:378,0
DA:379,0
DA:380,0
DA:381,0
DA:382,0
DA:384,0
DA:386,0
DA:390,0
DA:391,0
DA:392,0
DA:393,0
DA:394,0
DA:395,0
DA:396,0
DA:397,0
DA:401,0
DA:402,0
DA:403,0
DA:404,0
DA:408,0
DA:414,0
DA:418,1
DA:419,0
DA:420,0
DA:421,0
DA:422,0
DA:428,0
DA:430,0
DA:431,0
DA:435,1
DA:436,0
DA:437,0
DA:438,0
DA:439,0
DA:440,0
DA:442,0
DA:443,0
DA:444,0
DA:445,0
DA:446,0
DA:447,0
DA:448,0
DA:449,0
DA:450,0
DA:458,0
DA:459,0
DA:474,0
DA:476,0
DA:477,0
LF:215
LH:110
BRDA:20,0,0,1
BRDA:20,1,0,2
BRDA:20,1,1,1
BRDA:44,2,0,1
BRDA:44,3,0,2
BRDA:44,3,1,1
BRDA:62,4,0,1
BRDA:62,5,0,3
BRDA:62,5,1,2
BRDA:92,6,0,0
BRDA:92,6,1,1
BRDA:92,7,0,1
BRDA:92,7,1,0
BRDA:93,8,0,0
BRDA:93,8,1,0
BRDA:104,9,0,1
BRDA:131,10,0,1
BRDA:131,10,1,1
BRDA:131,11,0,2
BRDA:131,11,1,2
BRDA:132,12,0,1
BRDA:132,12,1,0
BRDA:132,13,0,1
BRDA:132,13,1,1
BRDA:136,14,0,0
BRDA:136,14,1,0
BRDA:149,15,0,1
BRDA:165,16,0,2
BRDA:165,16,1,0
BRDA:166,17,0,2
BRDA:166,17,1,0
BRDA:168,18,0,1
BRDA:179,19,0,1
BRDA:179,20,0,1
BRDA:179,20,1,1
BRDA:202,21,0,0
BRDA:211,22,0,0
BRDA:211,22,1,0
BRDA:211,22,2,0
BRDA:211,23,0,0
BRDA:211,23,1,0
BRDA:211,24,0,0
BRDA:211,24,1,0
BRDA:211,25,0,0
BRDA:211,25,1,0
BRDA:211,26,0,0
BRDA:211,26,1,0
BRDA:222,27,0,0
BRDA:292,28,0,0
BRDA:292,28,1,0
BRDA:293,29,0,0
BRDA:293,29,1,0
BRDA:295,30,0,0
BRDA:305,31,0,0
BRDA:335,32,0,1
BRDA:349,33,0,0
BRDA:380,34,0,0
BRDA:393,35,0,0
BRDA:393,35,1,0
BRDA:394,36,0,0
BRDA:394,36,1,0
BRDA:395,37,0,0
BRDA:402,38,0,0
BRDA:403,39,0,0
BRDA:404,40,0,0
BRDA:438,41,0,0
BRDA:445,42,0,0
BRDA:446,43,0,0
BRDA:447,44,0,0
BRDA:448,45,0,0
BRDA:449,46,0,0
BRDA:458,47,0,0
BRF:72
BRH:27
end_of_record
TN:
SF:src\middlewares\authMiddleware.ts
FN:4,authenticateUser
FNF:1
FNH:1
FNDA:6,authenticateUser
DA:2,1
DA:4,1
DA:5,6
DA:6,6
DA:7,1
DA:8,1
DA:11,5
DA:12,5
DA:13,5
DA:14,4
DA:15,2
DA:16,2
DA:19,2
DA:20,1
DA:21,1
DA:24,1
DA:25,1
DA:27,1
LF:18
LH:18
BRDA:6,0,0,1
BRDA:14,1,0,2
BRDA:14,2,0,4
BRDA:14,2,1,3
BRDA:19,3,0,1
BRDA:19,4,0,0
BRDA:19,4,1,2
BRDA:19,5,0,2
BRDA:19,5,1,2
BRDA:19,6,0,0
BRDA:19,6,1,2
BRDA:19,7,0,2
BRDA:19,7,1,2
BRF:13
BRH:11
end_of_record
TN:
SF:src\middlewares\upload.ts
FNF:0
FNH:0
DA:1,0
DA:3,0
DA:4,0
DA:6,0
LF:4
LH:0
BRF:0
BRH:0
end_of_record
TN:
SF:src\models\CandidatProfile.ts
FNF:0
FNH:0
DA:1,3
DA:2,3
DA:17,3
DA:67,3
LF:4
LH:4
BRF:0
BRH:0
end_of_record
TN:
SF:src\routes\userRoutes.ts
FNF:0
FNH:0
DA:1,0
DA:2,0
DA:3,0
DA:4,0
DA:5,0
DA:8,0
DA:11,0
DA:14,0
DA:17,0
DA:19,0
DA:21,0
DA:22,0
DA:24,0
DA:25,0
DA:26,0
DA:27,0
DA:31,0
DA:32,0
DA:33,0
DA:34,0
DA:38,0
DA:40,0
DA:41,0
DA:43,0
DA:46,0
DA:48,0
DA:51,0
LF:27
LH:0
BRF:0
BRH:0
end_of_record
TN:
SF:src\services\AdminService.ts
FN:13,sendResetEmail
FN:26,(anonymous_10)
FN:26,(anonymous_11)
FN:44,getCompanyByAdminId
FN:54,createUser
FN:110,getUserIdFromToken
FNF:6
FNH:6
FNDA:1,sendResetEmail
FNDA:1,(anonymous_10)
FNDA:1,(anonymous_11)
FNDA:4,getCompanyByAdminId
FNDA:3,createUser
FNDA:3,getUserIdFromToken
DA:3,2
DA:4,2
DA:5,2
DA:7,2
DA:8,2
DA:9,2
DA:11,2
DA:13,2
DA:14,1
DA:16,1
DA:26,1
DA:27,1
DA:44,2
DA:45,4
DA:46,4
DA:47,3
DA:49,1
DA:50,1
DA:54,2
DA:61,3
DA:62,3
DA:63,2
DA:64,2
DA:66,2
DA:84,2
DA:88,2
DA:90,2
DA:91,2
DA:94,1
DA:99,1
DA:100,1
DA:102,1
DA:105,2
DA:106,2
DA:110,2
DA:111,3
DA:112,3
DA:114,2
DA:115,2
DA:116,2
DA:117,1
DA:119,1
DA:120,1
LF:43
LH:43
BRDA:49,0,0,1
BRDA:49,0,1,1
BRDA:49,1,0,1
BRDA:49,1,1,0
BRDA:49,2,0,1
BRDA:49,2,1,1
BRDA:90,3,0,1
BRDA:90,3,1,1
BRDA:90,4,0,2
BRDA:90,4,1,2
BRDA:91,5,0,1
BRDA:105,6,0,2
BRDA:105,6,1,2
BRDA:105,7,0,2
BRDA:105,7,1,0
BRDA:105,8,0,2
BRDA:105,8,1,2
BRDA:112,9,0,1
BRDA:117,10,0,1
BRDA:117,10,1,0
BRDA:117,11,0,0
BRDA:117,11,1,1
BRDA:117,12,0,1
BRDA:117,12,1,1
BRF:24
BRH:20
end_of_record
TN:
SF:src\services\keycloakService.ts
FN:9,authenticateClient
FN:31,createUserInKeycloak
FN:86,getUserIdFromToken
FN:107,(anonymous_13)
FN:107,(anonymous_14)
FNF:5
FNH:3
FNDA:6,authenticateClient
FNDA:4,createUserInKeycloak
FNDA:4,getUserIdFromToken
FNDA:0,(anonymous_13)
FNDA:0,(anonymous_14)
DA:1,4
DA:2,4
DA:3,4
DA:7,4
DA:9,4
DA:10,6
DA:11,6
DA:25,5
DA:27,1
DA:28,1
DA:31,4
DA:39,4
DA:40,4
DA:43,4
DA:59,3
DA:60,3
DA:63,2
DA:68,1
DA:71,1
DA:77,1
DA:78,1
DA:80,3
DA:81,3
DA:86,4
DA:87,4
DA:88,4
DA:90,3
DA:91,3
DA:92,1
DA:93,1
DA:96,2
DA:97,2
DA:98,2
DA:99,1
DA:101,1
DA:102,1
DA:107,4
DA:108,0
DA:110,0
DA:111,0
DA:113,0
DA:115,0
LF:42
LH:37
BRDA:27,0,0,1
BRDA:27,0,1,1
BRDA:27,1,0,1
BRDA:27,1,1,0
BRDA:27,2,0,1
BRDA:27,2,1,1
BRDA:59,3,0,1
BRDA:59,3,1,2
BRDA:59,4,0,3
BRDA:59,4,1,3
BRDA:60,5,0,1
BRDA:80,6,0,3
BRDA:80,6,1,3
BRDA:80,7,0,3
BRDA:80,7,1,0
BRDA:80,8,0,3
BRDA:80,8,1,3
BRDA:88,9,0,1
BRDA:91,10,0,1
BRDA:91,11,0,3
BRDA:91,11,1,2
BRDA:99,12,0,1
BRDA:99,12,1,0
BRDA:99,13,0,0
BRDA:99,13,1,1
BRDA:99,14,0,1
BRDA:99,14,1,1
BRF:27
BRH:23
end_of_record
TN:
SF:src\services\profileService.ts
FN:5,(anonymous_8)
FN:5,(anonymous_9)
FN:12,(anonymous_10)
FN:12,(anonymous_11)
FN:21,(anonymous_12)
FN:21,(anonymous_13)
FN:30,(anonymous_14)
FN:30,(anonymous_15)
FNF:8
FNH:8
FNDA:2,(anonymous_8)
FNDA:2,(anonymous_9)
FNDA:2,(anonymous_10)
FNDA:2,(anonymous_11)
FNDA:2,(anonymous_12)
FNDA:2,(anonymous_13)
FNDA:2,(anonymous_14)
FNDA:2,(anonymous_15)
DA:1,2
DA:5,2
DA:6,2
DA:7,2
DA:8,1
DA:12,2
DA:13,2
DA:14,2
DA:16,1
DA:17,1
DA:21,2
DA:22,2
DA:23,2
DA:25,1
DA:26,1
DA:30,2
DA:31,2
DA:32,2
DA:34,1
DA:35,1
LF:20
LH:20
BRDA:7,0,0,1
BRDA:14,1,0,1
BRDA:23,2,0,1
BRDA:32,3,0,1
BRF:4
BRH:4
end_of_record
TN:
SF:src\utils\cloudinary.ts
FNF:0
FNH:0
DA:1,1
DA:3,1
DA:10,1
LF:3
LH:3
BRF:0
BRH:0
end_of_record
TN:
SF:src\utils\jwtUtils.ts
FN:5,generateResetToken
FN:13,getUserIdFromResetToken
FNF:2
FNH:2
FNDA:1,generateResetToken
FNDA:2,getUserIdFromResetToken
DA:1,4
DA:3,4
DA:5,4
DA:6,1
DA:13,4
DA:14,2
DA:15,2
DA:16,1
DA:18,1
DA:19,1
LF:10
LH:10
BRDA:3,0,0,4
BRDA:3,0,1,4
BRF:2
BRH:2
end_of_record
